<?xml version="1.0" encoding="UTF-8"?>
<!-- Generated by org.testng.reporters.JUnitReportReporter -->
<testsuite skipped="0" hostname="DESKTOP-MAR9OHV" name="com.actitime.scripts.Demo" tests="1" failures="0" timestamp="13 May 2018 08:34:29 GMT" time="26.085" errors="0">
  <testcase name="test" time="26.085" classname="com.actitime.scripts.Demo"/>
</testsuite> <!-- com.actitime.scripts.Demo -->
