<?xml version="1.0" encoding="UTF-8"?>
<!-- Generated by org.testng.reporters.JUnitReportReporter -->
<testsuite skipped="0" hostname="DESKTOP-J2495TM" name="com.actitime.scripts.LoginTest" tests="1" failures="0" timestamp="20 May 2018 18:16:44 GMT" time="20.762" errors="0">
  <testcase name="validLogin" time="20.762" classname="com.actitime.scripts.LoginTest"/>
</testsuite> <!-- com.actitime.scripts.LoginTest -->
