<?xml version="1.0" encoding="UTF-8"?>
<!-- Generated by org.testng.reporters.JUnitReportReporter -->
<testsuite skipped="0" hostname="DESKTOP-6VASUJS" name="com.actitime.scripts.LoginTest" tests="1" failures="0" timestamp="03 Apr 2021 09:02:07 GMT" time="82.973" errors="0">
  <testcase name="validLogin" time="82.973" classname="com.actitime.scripts.LoginTest"/>
</testsuite> <!-- com.actitime.scripts.LoginTest -->
