<?xml version="1.0" encoding="UTF-8"?>
<!-- Generated by org.testng.reporters.JUnitReportReporter -->
<testsuite skipped="0" hostname="DESKTOP-6VASUJS" name="com.actitime.Testscripts.CreateProject_ID" tests="1" failures="0" timestamp="04 Apr 2021 06:29:40 GMT" time="122.702" errors="0">
  <testcase name="createProject" time="122.702" classname="com.actitime.Testscripts.CreateProject_ID"/>
</testsuite> <!-- com.actitime.Testscripts.CreateProject_ID -->
