<?xml version="1.0" encoding="UTF-8"?>
<!-- Generated by org.testng.reporters.JUnitReportReporter -->
<testsuite skipped="0" hostname="DESKTOP-6VASUJS" name="com.actitime.Testscripts.LoginTest" tests="1" failures="0" timestamp="03 Apr 2021 17:25:15 GMT" time="22.044" errors="0">
  <testcase name="validLogin" time="22.044" classname="com.actitime.Testscripts.LoginTest"/>
</testsuite> <!-- com.actitime.Testscripts.LoginTest -->
